[debug] [2026-03-27T05:09:08.069Z] > command requires scopes: ["email","openid","https://www.googleapis.com/auth/cloudplatformprojects.readonly","https://www.googleapis.com/auth/firebase","https://www.googleapis.com/auth/cloud-platform"]
[debug] [2026-03-27T05:09:08.071Z] > command requires scopes: ["email","openid","https://www.googleapis.com/auth/cloudplatformprojects.readonly","https://www.googleapis.com/auth/firebase","https://www.googleapis.com/auth/cloud-platform"]
[debug] [2026-03-27T05:09:08.076Z] > authorizing via signed-in user (arw.oloroso@gmail.com)
[debug] [2026-03-27T05:09:08.077Z] Checked if tokens are valid: false, expires at: 1774588563627
[debug] [2026-03-27T05:09:08.077Z] Checked if tokens are valid: false, expires at: 1774588563627
[debug] [2026-03-27T05:09:08.078Z] > refreshing access token with scopes: []
[debug] [2026-03-27T05:09:08.081Z] >>> [apiv2][query] POST https://www.googleapis.com/oauth2/v3/token [none]
[debug] [2026-03-27T05:09:08.082Z] >>> [apiv2][body] POST https://www.googleapis.com/oauth2/v3/token [omitted]
[debug] [2026-03-27T05:09:08.074Z] > authorizing via signed-in user (arw.oloroso@gmail.com)
[debug] [2026-03-27T05:09:08.074Z] > command requires scopes: ["email","openid","https://www.googleapis.com/auth/cloudplatformprojects.readonly","https://www.googleapis.com/auth/firebase","https://www.googleapis.com/auth/cloud-platform"]
[debug] [2026-03-27T05:09:08.075Z] > authorizing via signed-in user (arw.oloroso@gmail.com)
[debug] [2026-03-27T05:09:08.076Z] Checked if tokens are valid: false, expires at: 1774588563627
[debug] [2026-03-27T05:09:08.076Z] Checked if tokens are valid: false, expires at: 1774588563627
[debug] [2026-03-27T05:09:08.077Z] > refreshing access token with scopes: []
[debug] [2026-03-27T05:09:08.080Z] >>> [apiv2][query] POST https://www.googleapis.com/oauth2/v3/token [none]
[debug] [2026-03-27T05:09:08.080Z] >>> [apiv2][body] POST https://www.googleapis.com/oauth2/v3/token [omitted]
[debug] [2026-03-27T05:09:08.083Z] Checked if tokens are valid: false, expires at: 1774588563627
[debug] [2026-03-27T05:09:08.084Z] Checked if tokens are valid: false, expires at: 1774588563627
[debug] [2026-03-27T05:09:08.084Z] > refreshing access token with scopes: []
[debug] [2026-03-27T05:09:08.085Z] >>> [apiv2][query] POST https://www.googleapis.com/oauth2/v3/token [none]
[debug] [2026-03-27T05:09:08.085Z] >>> [apiv2][body] POST https://www.googleapis.com/oauth2/v3/token [omitted]
[debug] [2026-03-27T05:09:08.087Z] > command requires scopes: ["email","openid","https://www.googleapis.com/auth/cloudplatformprojects.readonly","https://www.googleapis.com/auth/firebase","https://www.googleapis.com/auth/cloud-platform"]
[debug] [2026-03-27T05:09:08.087Z] > authorizing via signed-in user (arw.oloroso@gmail.com)
[debug] [2026-03-27T05:09:08.087Z] Checked if tokens are valid: false, expires at: 1774588563627
[debug] [2026-03-27T05:09:08.088Z] Checked if tokens are valid: false, expires at: 1774588563627
[debug] [2026-03-27T05:09:08.088Z] > refreshing access token with scopes: []
[debug] [2026-03-27T05:09:08.088Z] >>> [apiv2][query] POST https://www.googleapis.com/oauth2/v3/token [none]
[debug] [2026-03-27T05:09:08.088Z] >>> [apiv2][body] POST https://www.googleapis.com/oauth2/v3/token [omitted]
[debug] [2026-03-27T05:09:08.472Z] <<< [apiv2][status] POST https://www.googleapis.com/oauth2/v3/token 200
[debug] [2026-03-27T05:09:08.479Z] <<< [apiv2][status] POST https://www.googleapis.com/oauth2/v3/token 200
[debug] [2026-03-27T05:09:08.472Z] <<< [apiv2][body] POST https://www.googleapis.com/oauth2/v3/token [omitted]
[debug] [2026-03-27T05:09:08.486Z] >>> [apiv2][query] GET https://cloudbilling.googleapis.com/v1/projects/gurokonekt/billingInfo [none]
[debug] [2026-03-27T05:09:08.490Z] <<< [apiv2][status] POST https://www.googleapis.com/oauth2/v3/token 200
[debug] [2026-03-27T05:09:08.480Z] <<< [apiv2][body] POST https://www.googleapis.com/oauth2/v3/token [omitted]
[debug] [2026-03-27T05:09:08.494Z] >>> [apiv2][query] GET https://cloudbilling.googleapis.com/v1/projects/gurokonekt/billingInfo [none]
[debug] [2026-03-27T05:09:08.491Z] <<< [apiv2][body] POST https://www.googleapis.com/oauth2/v3/token [omitted]
[debug] [2026-03-27T05:09:08.499Z] >>> [apiv2][query] GET https://cloudbilling.googleapis.com/v1/projects/gurokonekt/billingInfo [none]
[debug] [2026-03-27T05:09:08.514Z] <<< [apiv2][status] POST https://www.googleapis.com/oauth2/v3/token 200
[debug] [2026-03-27T05:09:08.514Z] <<< [apiv2][body] POST https://www.googleapis.com/oauth2/v3/token [omitted]
[debug] [2026-03-27T05:09:08.520Z] >>> [apiv2][query] GET https://cloudbilling.googleapis.com/v1/projects/gurokonekt/billingInfo [none]
[debug] [2026-03-27T05:09:10.014Z] <<< [apiv2][status] GET https://cloudbilling.googleapis.com/v1/projects/gurokonekt/billingInfo 403
[debug] [2026-03-27T05:09:10.428Z] <<< [apiv2][status] GET https://cloudbilling.googleapis.com/v1/projects/gurokonekt/billingInfo 403
[debug] [2026-04-16T11:34:23.953Z] > command requires scopes: ["email","openid","https://www.googleapis.com/auth/cloudplatformprojects.readonly","https://www.googleapis.com/auth/firebase","https://www.googleapis.com/auth/cloud-platform"]
[debug] [2026-04-16T11:34:23.957Z] > authorizing via signed-in user (arw.oloroso@gmail.com)
[debug] [2026-04-16T11:34:23.957Z] > command requires scopes: ["email","openid","https://www.googleapis.com/auth/cloudplatformprojects.readonly","https://www.googleapis.com/auth/firebase","https://www.googleapis.com/auth/cloud-platform"]
[debug] [2026-04-16T11:34:23.957Z] > authorizing via signed-in user (arw.oloroso@gmail.com)
[debug] [2026-04-16T11:34:23.958Z] Checked if tokens are valid: false, expires at: 1776329107693
[debug] [2026-04-16T11:34:23.959Z] Checked if tokens are valid: false, expires at: 1776329107693
[debug] [2026-04-16T11:34:23.959Z] > refreshing access token with scopes: []
[debug] [2026-04-16T11:34:23.961Z] >>> [apiv2][query] POST https://www.googleapis.com/oauth2/v3/token [none]
[debug] [2026-04-16T11:34:23.961Z] >>> [apiv2][body] POST https://www.googleapis.com/oauth2/v3/token [omitted]
[debug] [2026-04-16T11:34:23.963Z] Checked if tokens are valid: false, expires at: 1776329107693
[debug] [2026-04-16T11:34:23.963Z] Checked if tokens are valid: false, expires at: 1776329107693
[debug] [2026-04-16T11:34:23.964Z] > refreshing access token with scopes: []
[debug] [2026-04-16T11:34:23.964Z] >>> [apiv2][query] POST https://www.googleapis.com/oauth2/v3/token [none]
[debug] [2026-04-16T11:34:23.964Z] >>> [apiv2][body] POST https://www.googleapis.com/oauth2/v3/token [omitted]
[debug] [2026-04-16T11:34:23.965Z] > command requires scopes: ["email","openid","https://www.googleapis.com/auth/cloudplatformprojects.readonly","https://www.googleapis.com/auth/firebase","https://www.googleapis.com/auth/cloud-platform"]
[debug] [2026-04-16T11:34:23.965Z] > authorizing via signed-in user (arw.oloroso@gmail.com)
[debug] [2026-04-16T11:34:23.966Z] Checked if tokens are valid: false, expires at: 1776329107693
[debug] [2026-04-16T11:34:23.966Z] Checked if tokens are valid: false, expires at: 1776329107693
[debug] [2026-04-16T11:34:23.966Z] > refreshing access token with scopes: []
[debug] [2026-04-16T11:34:23.966Z] >>> [apiv2][query] POST https://www.googleapis.com/oauth2/v3/token [none]
[debug] [2026-04-16T11:34:23.966Z] >>> [apiv2][body] POST https://www.googleapis.com/oauth2/v3/token [omitted]
[debug] [2026-04-16T11:34:24.201Z] <<< [apiv2][status] POST https://www.googleapis.com/oauth2/v3/token 200
[debug] [2026-04-16T11:34:24.202Z] <<< [apiv2][body] POST https://www.googleapis.com/oauth2/v3/token [omitted]
[debug] [2026-04-16T11:34:24.212Z] >>> [apiv2][query] GET https://cloudbilling.googleapis.com/v1/projects/gurokonekt/billingInfo [none]
[debug] [2026-04-16T11:34:24.219Z] <<< [apiv2][status] POST https://www.googleapis.com/oauth2/v3/token 200
[debug] [2026-04-16T11:34:24.219Z] <<< [apiv2][body] POST https://www.googleapis.com/oauth2/v3/token [omitted]
[debug] [2026-04-16T11:34:24.227Z] >>> [apiv2][query] GET https://cloudbilling.googleapis.com/v1/projects/gurokonekt/billingInfo [none]
[debug] [2026-04-16T11:34:25.411Z] <<< [apiv2][status] POST https://www.googleapis.com/oauth2/v3/token 200
[debug] [2026-04-16T11:34:25.411Z] <<< [apiv2][body] POST https://www.googleapis.com/oauth2/v3/token [omitted]
[debug] [2026-04-16T11:34:25.422Z] >>> [apiv2][query] GET https://cloudbilling.googleapis.com/v1/projects/gurokonekt/billingInfo [none]
[debug] [2026-04-16T11:34:25.851Z] <<< [apiv2][status] GET https://cloudbilling.googleapis.com/v1/projects/gurokonekt/billingInfo 403
[debug] [2026-04-16T11:39:58.307Z] > command requires scopes: ["email","openid","https://www.googleapis.com/auth/cloudplatformprojects.readonly","https://www.googleapis.com/auth/firebase","https://www.googleapis.com/auth/cloud-platform"]
[debug] [2026-04-16T11:39:58.310Z] > authorizing via signed-in user (arw.oloroso@gmail.com)
[debug] [2026-04-16T11:39:58.310Z] > command requires scopes: ["email","openid","https://www.googleapis.com/auth/cloudplatformprojects.readonly","https://www.googleapis.com/auth/firebase","https://www.googleapis.com/auth/cloud-platform"]
[debug] [2026-04-16T11:39:58.310Z] > authorizing via signed-in user (arw.oloroso@gmail.com)
[debug] [2026-04-16T11:39:58.311Z] Checked if tokens are valid: true, expires at: 1776342864411
[debug] [2026-04-16T11:39:58.311Z] Checked if tokens are valid: true, expires at: 1776342864411
[debug] [2026-04-16T11:39:58.311Z] Checked if tokens are valid: true, expires at: 1776342864411
[debug] [2026-04-16T11:39:58.311Z] Checked if tokens are valid: true, expires at: 1776342864411
[debug] [2026-04-16T11:39:58.311Z] > command requires scopes: ["email","openid","https://www.googleapis.com/auth/cloudplatformprojects.readonly","https://www.googleapis.com/auth/firebase","https://www.googleapis.com/auth/cloud-platform"]
[debug] [2026-04-16T11:39:58.311Z] > authorizing via signed-in user (arw.oloroso@gmail.com)
[debug] [2026-04-16T11:39:58.312Z] Checked if tokens are valid: true, expires at: 1776342864411
[debug] [2026-04-16T11:39:58.312Z] Checked if tokens are valid: true, expires at: 1776342864411
[debug] [2026-04-16T11:39:58.313Z] >>> [apiv2][query] GET https://cloudbilling.googleapis.com/v1/projects/gurokonekt/billingInfo [none]
[debug] [2026-04-16T11:39:58.314Z] >>> [apiv2][query] GET https://cloudbilling.googleapis.com/v1/projects/gurokonekt/billingInfo [none]
[debug] [2026-04-16T11:39:58.315Z] >>> [apiv2][query] GET https://cloudbilling.googleapis.com/v1/projects/gurokonekt/billingInfo [none]
[debug] [2026-04-16T11:39:58.986Z] <<< [apiv2][status] GET https://cloudbilling.googleapis.com/v1/projects/gurokonekt/billingInfo 403
[debug] [2026-04-16T11:39:58.987Z] <<< [apiv2][body] GET https://cloudbilling.googleapis.com/v1/projects/gurokonekt/billingInfo {"error":{"code":403,"message":"The caller does not have permission","status":"PERMISSION_DENIED"}}
[debug] [2026-04-16T11:40:00.344Z] <<< [apiv2][status] GET https://cloudbilling.googleapis.com/v1/projects/gurokonekt/billingInfo 403
[debug] [2026-04-16T11:40:00.345Z] <<< [apiv2][body] GET https://cloudbilling.googleapis.com/v1/projects/gurokonekt/billingInfo {"error":{"code":403,"message":"The caller does not have permission","status":"PERMISSION_DENIED"}}
[debug] [2026-04-16T11:40:01.620Z] <<< [apiv2][status] GET https://cloudbilling.googleapis.com/v1/projects/gurokonekt/billingInfo 403
[debug] [2026-05-02T09:43:25.748Z] > command requires scopes: ["email","openid","https://www.googleapis.com/auth/cloudplatformprojects.readonly","https://www.googleapis.com/auth/firebase","https://www.googleapis.com/auth/cloud-platform"]
[debug] [2026-05-02T09:43:25.764Z] > authorizing via signed-in user (arw.oloroso@gmail.com)
[debug] [2026-05-02T09:43:25.765Z] > command requires scopes: ["email","openid","https://www.googleapis.com/auth/cloudplatformprojects.readonly","https://www.googleapis.com/auth/firebase","https://www.googleapis.com/auth/cloud-platform"]
[debug] [2026-05-02T09:43:25.766Z] > authorizing via signed-in user (arw.oloroso@gmail.com)
[debug] [2026-05-02T09:43:25.771Z] Checked if tokens are valid: false, expires at: 1777532942675
[debug] [2026-05-02T09:43:25.772Z] Checked if tokens are valid: false, expires at: 1777532942675
[debug] [2026-05-02T09:43:25.774Z] > refreshing access token with scopes: []
[debug] [2026-05-02T09:43:25.786Z] >>> [apiv2][query] POST https://www.googleapis.com/oauth2/v3/token [none]
[debug] [2026-05-02T09:43:25.787Z] >>> [apiv2][body] POST https://www.googleapis.com/oauth2/v3/token [omitted]
[debug] [2026-05-02T09:43:25.798Z] Checked if tokens are valid: false, expires at: 1777532942675
[debug] [2026-05-02T09:43:25.798Z] Checked if tokens are valid: false, expires at: 1777532942675
[debug] [2026-05-02T09:43:25.799Z] > refreshing access token with scopes: []
[debug] [2026-05-02T09:43:25.801Z] >>> [apiv2][query] POST https://www.googleapis.com/oauth2/v3/token [none]
[debug] [2026-05-02T09:43:25.801Z] >>> [apiv2][body] POST https://www.googleapis.com/oauth2/v3/token [omitted]
[debug] [2026-05-02T09:43:25.807Z] > command requires scopes: ["email","openid","https://www.googleapis.com/auth/cloudplatformprojects.readonly","https://www.googleapis.com/auth/firebase","https://www.googleapis.com/auth/cloud-platform"]
[debug] [2026-05-02T09:43:25.808Z] > authorizing via signed-in user (arw.oloroso@gmail.com)
[debug] [2026-05-02T09:43:25.809Z] Checked if tokens are valid: false, expires at: 1777532942675
[debug] [2026-05-02T09:43:25.810Z] Checked if tokens are valid: false, expires at: 1777532942675
[debug] [2026-05-02T09:43:25.810Z] > refreshing access token with scopes: []
[debug] [2026-05-02T09:43:25.812Z] >>> [apiv2][query] POST https://www.googleapis.com/oauth2/v3/token [none]
[debug] [2026-05-02T09:43:25.812Z] >>> [apiv2][body] POST https://www.googleapis.com/oauth2/v3/token [omitted]
[debug] [2026-05-02T09:43:26.123Z] <<< [apiv2][status] POST https://www.googleapis.com/oauth2/v3/token 200
[debug] [2026-05-02T09:43:26.124Z] <<< [apiv2][body] POST https://www.googleapis.com/oauth2/v3/token [omitted]
[debug] [2026-05-02T09:43:26.148Z] >>> [apiv2][query] GET https://cloudbilling.googleapis.com/v1/projects/gurokonekt/billingInfo [none]
[debug] [2026-05-02T09:43:26.163Z] <<< [apiv2][status] POST https://www.googleapis.com/oauth2/v3/token 200
[debug] [2026-05-02T09:43:26.164Z] <<< [apiv2][body] POST https://www.googleapis.com/oauth2/v3/token [omitted]
[debug] [2026-05-02T09:43:26.183Z] >>> [apiv2][query] GET https://cloudbilling.googleapis.com/v1/projects/gurokonekt/billingInfo [none]
[debug] [2026-05-02T09:43:26.191Z] <<< [apiv2][status] POST https://www.googleapis.com/oauth2/v3/token 200
[debug] [2026-05-02T09:43:26.191Z] <<< [apiv2][body] POST https://www.googleapis.com/oauth2/v3/token [omitted]
[debug] [2026-05-02T09:43:26.206Z] >>> [apiv2][query] GET https://cloudbilling.googleapis.com/v1/projects/gurokonekt/billingInfo [none]
[debug] [2026-05-02T09:43:27.682Z] <<< [apiv2][status] GET https://cloudbilling.googleapis.com/v1/projects/gurokonekt/billingInfo 403
[debug] [2026-05-06T21:29:13.863Z] > command requires scopes: ["email","openid","https://www.googleapis.com/auth/cloudplatformprojects.readonly","https://www.googleapis.com/auth/firebase","https://www.googleapis.com/auth/cloud-platform"]
[debug] [2026-05-06T21:29:13.877Z] > authorizing via signed-in user (arw.oloroso@gmail.com)
[debug] [2026-05-06T21:29:13.878Z] > command requires scopes: ["email","openid","https://www.googleapis.com/auth/cloudplatformprojects.readonly","https://www.googleapis.com/auth/firebase","https://www.googleapis.com/auth/cloud-platform"]
[debug] [2026-05-06T21:29:13.878Z] > authorizing via signed-in user (arw.oloroso@gmail.com)
[debug] [2026-05-06T21:29:13.882Z] Checked if tokens are valid: false, expires at: 1778103418453
[debug] [2026-05-06T21:29:13.883Z] Checked if tokens are valid: false, expires at: 1778103418453
[debug] [2026-05-06T21:29:13.884Z] > refreshing access token with scopes: []
[debug] [2026-05-06T21:29:13.891Z] >>> [apiv2][query] POST https://www.googleapis.com/oauth2/v3/token [none]
[debug] [2026-05-06T21:29:13.892Z] >>> [apiv2][body] POST https://www.googleapis.com/oauth2/v3/token [omitted]
[debug] [2026-05-06T21:29:13.902Z] Checked if tokens are valid: false, expires at: 1778103418453
[debug] [2026-05-06T21:29:13.903Z] Checked if tokens are valid: false, expires at: 1778103418453
[debug] [2026-05-06T21:29:13.903Z] > refreshing access token with scopes: []
[debug] [2026-05-06T21:29:13.905Z] >>> [apiv2][query] POST https://www.googleapis.com/oauth2/v3/token [none]
[debug] [2026-05-06T21:29:13.906Z] >>> [apiv2][body] POST https://www.googleapis.com/oauth2/v3/token [omitted]
[debug] [2026-05-06T21:29:13.910Z] > command requires scopes: ["email","openid","https://www.googleapis.com/auth/cloudplatformprojects.readonly","https://www.googleapis.com/auth/firebase","https://www.googleapis.com/auth/cloud-platform"]
[debug] [2026-05-06T21:29:13.910Z] > authorizing via signed-in user (arw.oloroso@gmail.com)
[debug] [2026-05-06T21:29:13.911Z] Checked if tokens are valid: false, expires at: 1778103418453
[debug] [2026-05-06T21:29:13.911Z] Checked if tokens are valid: false, expires at: 1778103418453
[debug] [2026-05-06T21:29:13.912Z] > refreshing access token with scopes: []
[debug] [2026-05-06T21:29:13.913Z] >>> [apiv2][query] POST https://www.googleapis.com/oauth2/v3/token [none]
[debug] [2026-05-06T21:29:13.913Z] >>> [apiv2][body] POST https://www.googleapis.com/oauth2/v3/token [omitted]
[debug] [2026-05-06T21:29:14.148Z] <<< [apiv2][status] POST https://www.googleapis.com/oauth2/v3/token 200
[debug] [2026-05-06T21:29:14.148Z] <<< [apiv2][body] POST https://www.googleapis.com/oauth2/v3/token [omitted]
[debug] [2026-05-06T21:29:14.183Z] >>> [apiv2][query] GET https://cloudbilling.googleapis.com/v1/projects/gurokonekt/billingInfo [none]
[debug] [2026-05-06T21:29:14.194Z] <<< [apiv2][status] POST https://www.googleapis.com/oauth2/v3/token 200
[debug] [2026-05-06T21:29:14.195Z] <<< [apiv2][body] POST https://www.googleapis.com/oauth2/v3/token [omitted]
[debug] [2026-05-06T21:29:14.209Z] >>> [apiv2][query] GET https://cloudbilling.googleapis.com/v1/projects/gurokonekt/billingInfo [none]
[debug] [2026-05-06T21:29:14.215Z] <<< [apiv2][status] POST https://www.googleapis.com/oauth2/v3/token 200
[debug] [2026-05-06T21:29:14.215Z] <<< [apiv2][body] POST https://www.googleapis.com/oauth2/v3/token [omitted]
[debug] [2026-05-06T21:29:14.229Z] >>> [apiv2][query] GET https://cloudbilling.googleapis.com/v1/projects/gurokonekt/billingInfo [none]
[debug] [2026-05-06T21:29:15.747Z] <<< [apiv2][status] GET https://cloudbilling.googleapis.com/v1/projects/gurokonekt/billingInfo 403
[debug] [2026-05-06T21:29:15.748Z] <<< [apiv2][body] GET https://cloudbilling.googleapis.com/v1/projects/gurokonekt/billingInfo {"error":{"code":403,"message":"The caller does not have permission","status":"PERMISSION_DENIED"}}
[debug] [2026-05-06T21:29:15.895Z] <<< [apiv2][status] GET https://cloudbilling.googleapis.com/v1/projects/gurokonekt/billingInfo 403
[debug] [2026-05-06T22:21:46.615Z] > command requires scopes: ["email","openid","https://www.googleapis.com/auth/cloudplatformprojects.readonly","https://www.googleapis.com/auth/firebase","https://www.googleapis.com/auth/cloud-platform"]
[debug] [2026-05-06T22:21:46.636Z] > authorizing via signed-in user (arw.oloroso@gmail.com)
[debug] [2026-05-06T22:21:46.643Z] Checked if tokens are valid: false, expires at: 1778106553216
[debug] [2026-05-06T22:21:46.644Z] Checked if tokens are valid: false, expires at: 1778106553216
[debug] [2026-05-06T22:21:46.647Z] > refreshing access token with scopes: []
[debug] [2026-05-06T22:21:46.662Z] >>> [apiv2][query] POST https://www.googleapis.com/oauth2/v3/token [none]
[debug] [2026-05-06T22:21:46.664Z] >>> [apiv2][body] POST https://www.googleapis.com/oauth2/v3/token [omitted]
[debug] [2026-05-06T22:21:46.802Z] > command requires scopes: ["email","openid","https://www.googleapis.com/auth/cloudplatformprojects.readonly","https://www.googleapis.com/auth/firebase","https://www.googleapis.com/auth/cloud-platform"]
[debug] [2026-05-06T22:21:46.803Z] > authorizing via signed-in user (arw.oloroso@gmail.com)
[debug] [2026-05-06T22:21:46.804Z] > command requires scopes: ["email","openid","https://www.googleapis.com/auth/cloudplatformprojects.readonly","https://www.googleapis.com/auth/firebase","https://www.googleapis.com/auth/cloud-platform"]
[debug] [2026-05-06T22:21:46.804Z] > authorizing via signed-in user (arw.oloroso@gmail.com)
[debug] [2026-05-06T22:21:46.806Z] Checked if tokens are valid: false, expires at: 1778106553216
[debug] [2026-05-06T22:21:46.807Z] Checked if tokens are valid: false, expires at: 1778106553216
[debug] [2026-05-06T22:21:46.807Z] > refreshing access token with scopes: []
[debug] [2026-05-06T22:21:46.809Z] >>> [apiv2][query] POST https://www.googleapis.com/oauth2/v3/token [none]
[debug] [2026-05-06T22:21:46.809Z] >>> [apiv2][body] POST https://www.googleapis.com/oauth2/v3/token [omitted]
[debug] [2026-05-06T22:21:46.816Z] Checked if tokens are valid: false, expires at: 1778106553216
[debug] [2026-05-06T22:21:46.816Z] Checked if tokens are valid: false, expires at: 1778106553216
[debug] [2026-05-06T22:21:46.817Z] > refreshing access token with scopes: []
[debug] [2026-05-06T22:21:46.818Z] >>> [apiv2][query] POST https://www.googleapis.com/oauth2/v3/token [none]
[debug] [2026-05-06T22:21:46.818Z] >>> [apiv2][body] POST https://www.googleapis.com/oauth2/v3/token [omitted]
[debug] [2026-05-06T22:21:47.059Z] <<< [apiv2][status] POST https://www.googleapis.com/oauth2/v3/token 200
[debug] [2026-05-06T22:21:47.060Z] <<< [apiv2][body] POST https://www.googleapis.com/oauth2/v3/token [omitted]
[debug] [2026-05-06T22:21:47.630Z] >>> [apiv2][query] GET https://cloudbilling.googleapis.com/v1/projects/gurokonekt/billingInfo [none]
[debug] [2026-05-06T22:21:47.646Z] <<< [apiv2][status] POST https://www.googleapis.com/oauth2/v3/token 200
[debug] [2026-05-06T22:21:47.647Z] <<< [apiv2][body] POST https://www.googleapis.com/oauth2/v3/token [omitted]
[debug] [2026-05-06T22:21:47.803Z] >>> [apiv2][query] GET https://cloudbilling.googleapis.com/v1/projects/gurokonekt/billingInfo [none]
[debug] [2026-05-06T22:21:47.810Z] <<< [apiv2][status] POST https://www.googleapis.com/oauth2/v3/token 200
[debug] [2026-05-06T22:21:47.810Z] <<< [apiv2][body] POST https://www.googleapis.com/oauth2/v3/token [omitted]
[debug] [2026-05-06T22:21:47.826Z] >>> [apiv2][query] GET https://cloudbilling.googleapis.com/v1/projects/gurokonekt/billingInfo [none]
[debug] [2026-05-06T22:21:49.459Z] <<< [apiv2][status] GET https://cloudbilling.googleapis.com/v1/projects/gurokonekt/billingInfo 403
